<?xml version="1.0" encoding="UTF-8"?>
<!-- Generated by org.testng.reporters.JUnitReportReporter -->
<testsuite skipped="0" hostname="LAPTOP-TMLC286I" name="com.testscripts.Login" tests="1" failures="0" timestamp="08 Oct 2017 17:29:49 GMT" time="15.968" errors="0">
  <testcase name="loginModule" time="15.968" classname="com.testscripts.Login"/>
</testsuite> <!-- com.testscripts.Login -->
