<?xml version="1.0" encoding="UTF-8"?>
<!-- Generated by org.testng.reporters.JUnitReportReporter -->
<testsuite skipped="0" hostname="LAPTOP-TMLC286I" name="Testng" tests="1" failures="0" timestamp="08 Oct 2017 16:54:56 GMT" time="0.016" errors="0">
  <testcase name="testMethod" time="0.016" classname="Testng"/>
</testsuite> <!-- Testng -->
